<?xml version="1.0" encoding="UTF-8"?>
<!-- Generated by org.testng.reporters.JUnitReportReporter -->
<testsuite hostname="jmrinhr2292" name="com.jmr.testsuite.fas.action.obdx.ViewStatement_Test" tests="1" failures="0" timestamp="10 Jan 2020 05:41:37 GMT" time="807.185" errors="0">
  <testcase name="executeTestCase" time="807.185" classname="com.jmr.testsuite.fas.action.obdx.ViewStatement_Test"/>
</testsuite> <!-- com.jmr.testsuite.fas.action.obdx.ViewStatement_Test -->
