<?xml version="1.0" encoding="UTF-8"?>
<!-- Generated by org.testng.reporters.JUnitReportReporter -->
<testsuite hostname="jmrinhr1883" name="com.jmr.testsuite.fas.action.obdx.CreateAccount_Test" tests="1" failures="0" timestamp="24 Dec 2019 04:01:37 GMT" time="256.004" errors="0">
  <testcase name="executeTestCase" time="256.004" classname="com.jmr.testsuite.fas.action.obdx.CreateAccount_Test"/>
</testsuite> <!-- com.jmr.testsuite.fas.action.obdx.CreateAccount_Test -->
