<?xml version="1.0" encoding="UTF-8"?>
<!-- Generated by org.testng.reporters.JUnitReportReporter -->
<testsuite hostname="jmrinhr2292" name="com.jmr.testsuite.fas.action.obdx.Login_Test" tests="1" failures="0" timestamp="10 Jan 2020 05:16:42 GMT" time="86.514" errors="0">
  <testcase name="executeTestCase" time="86.514" classname="com.jmr.testsuite.fas.action.obdx.Login_Test"/>
</testsuite> <!-- com.jmr.testsuite.fas.action.obdx.Login_Test -->
