<?xml version="1.0" encoding="UTF-8"?>
<!-- Generated by org.testng.reporters.JUnitReportReporter -->
<testsuite hostname="jmrinhr1883" name="com.jmr.testsuite.fas.action.ac.ACDABLQY_Test" tests="1" failures="0" timestamp="11 Nov 2019 10:17:29 GMT" time="46.932" errors="0">
  <testcase name="executeTestCase" time="46.932" classname="com.jmr.testsuite.fas.action.ac.ACDABLQY_Test"/>
</testsuite> <!-- com.jmr.testsuite.fas.action.ac.ACDABLQY_Test -->
