<?xml version="1.0" encoding="UTF-8"?>
<!-- Generated by org.testng.reporters.JUnitReportReporter -->
<testsuite hostname="jmrinhr2292" name="com.jmr.testsuite.fas.action.obdx.TransferMoneyInternational_Test" tests="1" failures="0" timestamp="10 Jan 2020 07:59:55 GMT" time="2733.580" errors="0">
  <testcase name="executeTestCase" time="2733.580" classname="com.jmr.testsuite.fas.action.obdx.TransferMoneyInternational_Test"/>
</testsuite> <!-- com.jmr.testsuite.fas.action.obdx.TransferMoneyInternational_Test -->
