<?xml version="1.0" encoding="UTF-8"?>
<!-- Generated by org.testng.reporters.JUnitReportReporter -->
<testsuite hostname="jmrinhr2292" name="com.jmr.testsuite.obdx.action.Login_Test" tests="1" failures="0" timestamp="10 Jan 2020 08:30:26 GMT" time="94.040" errors="0">
  <testcase name="executeTestCase" time="94.040" classname="com.jmr.testsuite.obdx.action.Login_Test"/>
</testsuite> <!-- com.jmr.testsuite.obdx.action.Login_Test -->
